<?xml version="1.0" encoding="UTF-8"?>
<!-- Generated by org.testng.reporters.JUnitReportReporter -->
<testsuite skipped="0" hostname="Adam-Bethlehems-MacBook-Pro.local" name="com.adam.theinernet.positiveTest" tests="2" failures="0" timestamp="20 Aug 2019 14:26:26 GMT" time="1.743" errors="0">
  <testcase name="loginTest" time="0.879" classname="com.adam.theinernet.positiveTest"/>
  <testcase name="loginTest" time="0.864" classname="com.adam.theinernet.positiveTest"/>
</testsuite> <!-- com.adam.theinernet.positiveTest -->
